This is pdfTeX, Version 3.14159265-2.6-1.40.21 (TeX Live 2020) (preloaded format=pdflatex 2020.11.2)  24 NOV 2020 18:39
entering extended mode
 restricted \write18 enabled.
 %&-line parsing enabled.
**presanis-conflict.tex
(./presanis-conflict.tex
LaTeX2e <2020-10-01> patch level 2
L3 programming layer <2020-10-27> xparse <2020-03-03> (/Users/amanderson/Librar
y/TinyTeX/texmf-dist/tex/latex/base/article.cls
Document Class: article 2020/04/10 v1.4m Standard LaTeX document class
(/Users/amanderson/Library/TinyTeX/texmf-dist/tex/latex/base/size10.clo
File: size10.clo 2020/04/10 v1.4m Standard LaTeX file (size option)
)
\c@part=\count175
\c@section=\count176
\c@subsection=\count177
\c@subsubsection=\count178
\c@paragraph=\count179
\c@subparagraph=\count180
\c@figure=\count181
\c@table=\count182
\abovecaptionskip=\skip47
\belowcaptionskip=\skip48
\bibindent=\dimen138
) (/Users/amanderson/Library/TinyTeX/texmf-dist/tex/latex/tex-gyre/tgpagella.st
y
Package: tgpagella 2009/09/27 v1.2 TeX Gyre Pagella as default roman family

(/Users/amanderson/Library/TinyTeX/texmf-dist/tex/latex/kvoptions/kvoptions.sty
Package: kvoptions 2020-10-07 v3.14 Key value format for package options (HO)
(/Users/amanderson/Library/TinyTeX/texmf-dist/tex/latex/graphics/keyval.sty
Package: keyval 2014/10/28 v1.15 key=value parser (DPC)
\KV@toks@=\toks15
) (/Users/amanderson/Library/TinyTeX/texmf-dist/tex/generic/ltxcmds/ltxcmds.sty
Package: ltxcmds 2020-05-10 v1.25 LaTeX kernel commands for general use (HO)
)
(/Users/amanderson/Library/TinyTeX/texmf-dist/tex/generic/kvsetkeys/kvsetkeys.s
ty
Package: kvsetkeys 2019/12/15 v1.18 Key value parser (HO)
))) (/Users/amanderson/Library/TinyTeX/texmf-dist/tex/latex/amsfonts/amssymb.st
y
Package: amssymb 2013/01/14 v3.01 AMS font symbols
(/Users/amanderson/Library/TinyTeX/texmf-dist/tex/latex/amsfonts/amsfonts.sty
Package: amsfonts 2013/01/14 v3.01 Basic AMSFonts support
\@emptytoks=\toks16
\symAMSa=\mathgroup4
\symAMSb=\mathgroup5
LaTeX Font Info:    Redeclaring math symbol \hbar on input line 98.
LaTeX Font Info:    Overwriting math alphabet `\mathfrak' in version `bold'
(Font)                  U/euf/m/n --> U/euf/b/n on input line 106.
)) (/Users/amanderson/Library/TinyTeX/texmf-dist/tex/latex/amsmath/amsmath.sty
Package: amsmath 2020/09/23 v2.17i AMS math features
\@mathmargin=\skip49
For additional information on amsmath, use the `?' option.
(/Users/amanderson/Library/TinyTeX/texmf-dist/tex/latex/amsmath/amstext.sty
Package: amstext 2000/06/29 v2.01 AMS text
(/Users/amanderson/Library/TinyTeX/texmf-dist/tex/latex/amsmath/amsgen.sty
File: amsgen.sty 1999/11/30 v2.0 generic functions
\@emptytoks=\toks17
\ex@=\dimen139
)) (/Users/amanderson/Library/TinyTeX/texmf-dist/tex/latex/amsmath/amsbsy.sty
Package: amsbsy 1999/11/29 v1.2d Bold Symbols
\pmbraise@=\dimen140
) (/Users/amanderson/Library/TinyTeX/texmf-dist/tex/latex/amsmath/amsopn.sty
Package: amsopn 2016/03/08 v2.02 operator names
)
\inf@bad=\count183
LaTeX Info: Redefining \frac on input line 234.
\uproot@=\count184
\leftroot@=\count185
LaTeX Info: Redefining \overline on input line 399.
\classnum@=\count186
\DOTSCASE@=\count187
LaTeX Info: Redefining \ldots on input line 496.
LaTeX Info: Redefining \dots on input line 499.
LaTeX Info: Redefining \cdots on input line 620.
\Mathstrutbox@=\box47
\strutbox@=\box48
\big@size=\dimen141
LaTeX Font Info:    Redeclaring font encoding OML on input line 743.
LaTeX Font Info:    Redeclaring font encoding OMS on input line 744.
\macc@depth=\count188
\c@MaxMatrixCols=\count189
\dotsspace@=\muskip16
\c@parentequation=\count190
\dspbrk@lvl=\count191
\tag@help=\toks18
\row@=\count192
\column@=\count193
\maxfields@=\count194
\andhelp@=\toks19
\eqnshift@=\dimen142
\alignsep@=\dimen143
\tagshift@=\dimen144
\tagwidth@=\dimen145
\totwidth@=\dimen146
\lineht@=\dimen147
\@envbody=\toks20
\multlinegap=\skip50
\multlinetaggap=\skip51
\mathdisplay@stack=\toks21
LaTeX Info: Redefining \[ on input line 2923.
LaTeX Info: Redefining \] on input line 2924.
) (/Users/amanderson/Library/TinyTeX/texmf-dist/tex/generic/iftex/ifxetex.sty
Package: ifxetex 2019/10/25 v0.7 ifxetex legacy package. Use iftex instead.
(/Users/amanderson/Library/TinyTeX/texmf-dist/tex/generic/iftex/iftex.sty
Package: iftex 2020/03/06 v1.0d TeX engine tests
)) (/Users/amanderson/Library/TinyTeX/texmf-dist/tex/generic/iftex/ifluatex.sty
Package: ifluatex 2019/10/25 v1.5 ifluatex legacy package. Use iftex instead.
) (/Users/amanderson/Library/TinyTeX/texmf-dist/tex/latex/base/fontenc.sty
Package: fontenc 2020/08/10 v2.0s Standard LaTeX package
LaTeX Font Info:    Trying to load font information for T1+qpl on input line 11
2.
(/Users/amanderson/Library/TinyTeX/texmf-dist/tex/latex/tex-gyre/t1qpl.fd
File: t1qpl.fd 2009/09/25 v1.2 font definition file for T1/qpl
)) (/Users/amanderson/Library/TinyTeX/texmf-dist/tex/latex/base/inputenc.sty
Package: inputenc 2020/08/01 v1.3d Input encoding file
\inpenc@prehook=\toks22
\inpenc@posthook=\toks23
) (/Users/amanderson/Library/TinyTeX/texmf-dist/tex/latex/base/textcomp.sty
Package: textcomp 2020/02/02 v2.0n Standard LaTeX package
) (/Users/amanderson/Library/TinyTeX/texmf-dist/tex/latex/upquote/upquote.sty
Package: upquote 2012/04/19 v1.3 upright-quote and grave-accent glyphs in verba
tim
)
(/Users/amanderson/Library/TinyTeX/texmf-dist/tex/latex/microtype/microtype.sty
Package: microtype 2019/11/18 v2.7d Micro-typographical refinements (RS)
\MT@toks=\toks24
\MT@count=\count195
LaTeX Info: Redefining \textls on input line 790.
\MT@outer@kern=\dimen148
LaTeX Info: Redefining \textmicrotypecontext on input line 1354.
\MT@listname@count=\count196

(/Users/amanderson/Library/TinyTeX/texmf-dist/tex/latex/microtype/microtype-pdf
tex.def
File: microtype-pdftex.def 2019/11/18 v2.7d Definitions specific to pdftex (RS)

LaTeX Info: Redefining \lsstyle on input line 914.
LaTeX Info: Redefining \lslig on input line 914.
\MT@outer@space=\skip52
)
Package microtype Info: Loading configuration file microtype.cfg.

(/Users/amanderson/Library/TinyTeX/texmf-dist/tex/latex/microtype/microtype.cfg
File: microtype.cfg 2019/11/18 v2.7d microtype main configuration file (RS)
)) (/Users/amanderson/Library/TinyTeX/texmf-dist/tex/latex/xcolor/xcolor.sty
Package: xcolor 2016/05/11 v2.12 LaTeX color extensions (UK)
(/Users/amanderson/Library/TinyTeX/texmf-dist/tex/latex/graphics-cfg/color.cfg
File: color.cfg 2016/01/02 v1.6 sample color configuration
)
Package xcolor Info: Driver file: pdftex.def on input line 225.

(/Users/amanderson/Library/TinyTeX/texmf-dist/tex/latex/graphics-def/pdftex.def
File: pdftex.def 2020/10/05 v1.2a Graphics/color driver for pdftex
)
Package xcolor Info: Model `cmy' substituted by `cmy0' on input line 1348.
Package xcolor Info: Model `hsb' substituted by `rgb' on input line 1352.
Package xcolor Info: Model `RGB' extended on input line 1364.
Package xcolor Info: Model `HTML' substituted by `rgb' on input line 1366.
Package xcolor Info: Model `Hsb' substituted by `hsb' on input line 1367.
Package xcolor Info: Model `tHsb' substituted by `hsb' on input line 1368.
Package xcolor Info: Model `HSB' substituted by `hsb' on input line 1369.
Package xcolor Info: Model `Gray' substituted by `gray' on input line 1370.
Package xcolor Info: Model `wave' substituted by `hsb' on input line 1371.
) (/Users/amanderson/Library/TinyTeX/texmf-dist/tex/latex/bookmark/bookmark.sty
Package: bookmark 2020-11-06 v1.29 PDF bookmarks (HO)
(/Users/amanderson/Library/TinyTeX/texmf-dist/tex/latex/hyperref/hyperref.sty
Package: hyperref 2020-05-15 v7.00e Hypertext links for LaTeX

(/Users/amanderson/Library/TinyTeX/texmf-dist/tex/generic/pdftexcmds/pdftexcmds
.sty
Package: pdftexcmds 2020-06-27 v0.33 Utility functions of pdfTeX for LuaTeX (HO
)

(/Users/amanderson/Library/TinyTeX/texmf-dist/tex/generic/infwarerr/infwarerr.s
ty
Package: infwarerr 2019/12/03 v1.5 Providing info/warning/error messages (HO)
)
Package pdftexcmds Info: \pdf@primitive is available.
Package pdftexcmds Info: \pdf@ifprimitive is available.
Package pdftexcmds Info: \pdfdraftmode found.
)
(/Users/amanderson/Library/TinyTeX/texmf-dist/tex/generic/kvdefinekeys/kvdefine
keys.sty
Package: kvdefinekeys 2019-12-19 v1.6 Define keys (HO)
)
(/Users/amanderson/Library/TinyTeX/texmf-dist/tex/generic/pdfescape/pdfescape.s
ty
Package: pdfescape 2019/12/09 v1.15 Implements pdfTeX's escape features (HO)
) (/Users/amanderson/Library/TinyTeX/texmf-dist/tex/latex/hycolor/hycolor.sty
Package: hycolor 2020-01-27 v1.10 Color options for hyperref/bookmark (HO)
)
(/Users/amanderson/Library/TinyTeX/texmf-dist/tex/latex/letltxmacro/letltxmacro
.sty
Package: letltxmacro 2019/12/03 v1.6 Let assignment for LaTeX macros (HO)
) (/Users/amanderson/Library/TinyTeX/texmf-dist/tex/latex/auxhook/auxhook.sty
Package: auxhook 2019-12-17 v1.6 Hooks for auxiliary files (HO)
)
\@linkdim=\dimen149
\Hy@linkcounter=\count197
\Hy@pagecounter=\count198
(/Users/amanderson/Library/TinyTeX/texmf-dist/tex/latex/hyperref/pd1enc.def
File: pd1enc.def 2020-05-15 v7.00e Hyperref: PDFDocEncoding definition (HO)
Now handling font encoding PD1 ...
... no UTF-8 mapping file for font encoding PD1
) (/Users/amanderson/Library/TinyTeX/texmf-dist/tex/generic/intcalc/intcalc.sty
Package: intcalc 2019/12/15 v1.3 Expandable calculations with integers (HO)
)
(/Users/amanderson/Library/TinyTeX/texmf-dist/tex/generic/etexcmds/etexcmds.sty
Package: etexcmds 2019/12/15 v1.7 Avoid name clashes with e-TeX commands (HO)
)
\Hy@SavedSpaceFactor=\count199
Package hyperref Info: Option `unicode' set `true' on input line 4338.
(/Users/amanderson/Library/TinyTeX/texmf-dist/tex/latex/hyperref/puenc.def
File: puenc.def 2020-05-15 v7.00e Hyperref: PDF Unicode definition (HO)
Now handling font encoding PU ...
... no UTF-8 mapping file for font encoding PU
)
Package hyperref Info: Hyper figures OFF on input line 4464.
Package hyperref Info: Link nesting OFF on input line 4469.
Package hyperref Info: Hyper index ON on input line 4472.
Package hyperref Info: Plain pages OFF on input line 4479.
Package hyperref Info: Backreferencing OFF on input line 4484.
Package hyperref Info: Implicit mode ON; LaTeX internals redefined.
Package hyperref Info: Bookmarks ON on input line 4717.
\c@Hy@tempcnt=\count266
(/Users/amanderson/Library/TinyTeX/texmf-dist/tex/latex/url/url.sty
\Urlmuskip=\muskip17
Package: url 2013/09/16  ver 3.4  Verb mode for urls, etc.
)
LaTeX Info: Redefining \url on input line 5076.
\XeTeXLinkMargin=\dimen150
(/Users/amanderson/Library/TinyTeX/texmf-dist/tex/generic/bitset/bitset.sty
Package: bitset 2019/12/09 v1.3 Handle bit-vector datatype (HO)

(/Users/amanderson/Library/TinyTeX/texmf-dist/tex/generic/bigintcalc/bigintcalc
.sty
Package: bigintcalc 2019/12/15 v1.5 Expandable calculations on big integers (HO
)
))
\Fld@menulength=\count267
\Field@Width=\dimen151
\Fld@charsize=\dimen152
Package hyperref Info: Hyper figures OFF on input line 6347.
Package hyperref Info: Link nesting OFF on input line 6352.
Package hyperref Info: Hyper index ON on input line 6355.
Package hyperref Info: backreferencing OFF on input line 6362.
Package hyperref Info: Link coloring OFF on input line 6367.
Package hyperref Info: Link coloring with OCG OFF on input line 6372.
Package hyperref Info: PDF/A mode OFF on input line 6377.
LaTeX Info: Redefining \ref on input line 6417.
LaTeX Info: Redefining \pageref on input line 6421.
(/Users/amanderson/Library/TinyTeX/texmf-dist/tex/latex/base/atbegshi-ltx.sty
Package: atbegshi-ltx 2020/08/17 v1.0a Emulation of the original atbegshi packa
ge
with kernel methods
)
\Hy@abspage=\count268
\c@Item=\count269
\c@Hfootnote=\count270
)
Package hyperref Info: Driver (autodetected): hpdftex.
(/Users/amanderson/Library/TinyTeX/texmf-dist/tex/latex/hyperref/hpdftex.def
File: hpdftex.def 2020-05-15 v7.00e Hyperref driver for pdfTeX
(/Users/amanderson/Library/TinyTeX/texmf-dist/tex/latex/base/atveryend-ltx.sty
Package: atveryend-ltx 2020/08/19 v1.0a Emulation of the original atvery packag
e
with kernel methods
)
\Fld@listcount=\count271
\c@bookmark@seq@number=\count272

(/Users/amanderson/Library/TinyTeX/texmf-dist/tex/latex/rerunfilecheck/rerunfil
echeck.sty
Package: rerunfilecheck 2019/12/05 v1.9 Rerun checks for auxiliary files (HO)

(/Users/amanderson/Library/TinyTeX/texmf-dist/tex/generic/uniquecounter/uniquec
ounter.sty
Package: uniquecounter 2019/12/15 v1.4 Provide unlimited unique counter (HO)
)
Package uniquecounter Info: New unique counter `rerunfilecheck' on input line 2
86.
)
\Hy@SectionHShift=\skip53
)
(/Users/amanderson/Library/TinyTeX/texmf-dist/tex/latex/bookmark/bkm-pdftex.def
File: bkm-pdftex.def 2020-11-06 v1.29 bookmark driver for pdfTeX (HO)
\BKM@id=\count273
)) (/Users/amanderson/Library/TinyTeX/texmf-dist/tex/latex/geometry/geometry.st
y
Package: geometry 2020/01/02 v5.9 Page Geometry
(/Users/amanderson/Library/TinyTeX/texmf-dist/tex/generic/iftex/ifvtex.sty
Package: ifvtex 2019/10/25 v1.7 ifvtex legacy package. Use iftex instead.
)
\Gm@cnth=\count274
\Gm@cntv=\count275
\c@Gm@tempcnt=\count276
\Gm@bindingoffset=\dimen153
\Gm@wd@mp=\dimen154
\Gm@odd@mp=\dimen155
\Gm@even@mp=\dimen156
\Gm@layoutwidth=\dimen157
\Gm@layoutheight=\dimen158
\Gm@layouthoffset=\dimen159
\Gm@layoutvoffset=\dimen160
\Gm@dimlist=\toks25
) (/Users/amanderson/Library/TinyTeX/texmf-dist/tex/latex/graphics/graphicx.sty
Package: graphicx 2020/09/09 v1.2b Enhanced LaTeX Graphics (DPC,SPQR)
(/Users/amanderson/Library/TinyTeX/texmf-dist/tex/latex/graphics/graphics.sty
Package: graphics 2020/08/30 v1.4c Standard LaTeX Graphics (DPC,SPQR)
(/Users/amanderson/Library/TinyTeX/texmf-dist/tex/latex/graphics/trig.sty
Package: trig 2016/01/03 v1.10 sin cos tan (DPC)
)
(/Users/amanderson/Library/TinyTeX/texmf-dist/tex/latex/graphics-cfg/graphics.c
fg
File: graphics.cfg 2016/06/04 v1.11 sample graphics configuration
)
Package graphics Info: Driver file: pdftex.def on input line 105.
)
\Gin@req@height=\dimen161
\Gin@req@width=\dimen162
) (/Users/amanderson/Library/TinyTeX/texmf-dist/tex/latex/grffile/grffile.sty
Package: grffile 2019/11/11 v2.1 Extended file name support for graphics (legac
y)
Package grffile Info: This package is an empty stub for compatibility on input 
line 40.
) (/Users/amanderson/Library/TinyTeX/texmf-dist/tex/generic/ulem/ulem.sty
\UL@box=\box49
\UL@hyphenbox=\box50
\UL@skip=\skip54
\UL@hook=\toks26
\UL@height=\dimen163
\UL@pe=\count277
\UL@pixel=\dimen164
\ULC@box=\box51
Package: ulem 2019/11/18
\ULdepth=\dimen165
)
(/Users/amanderson/Library/TinyTeX/texmf-dist/tex/latex/pgf/frontendlayer/tikz.
sty (/Users/amanderson/Library/TinyTeX/texmf-dist/tex/latex/pgf/basiclayer/pgf.
sty
(/Users/amanderson/Library/TinyTeX/texmf-dist/tex/latex/pgf/utilities/pgfrcs.st
y
(/Users/amanderson/Library/TinyTeX/texmf-dist/tex/generic/pgf/utilities/pgfutil
-common.tex
\pgfutil@everybye=\toks27
\pgfutil@tempdima=\dimen166
\pgfutil@tempdimb=\dimen167

(/Users/amanderson/Library/TinyTeX/texmf-dist/tex/generic/pgf/utilities/pgfutil
-common-lists.tex))
(/Users/amanderson/Library/TinyTeX/texmf-dist/tex/generic/pgf/utilities/pgfutil
-latex.def
\pgfutil@abb=\box52
)
(/Users/amanderson/Library/TinyTeX/texmf-dist/tex/generic/pgf/utilities/pgfrcs.
code.tex (/Users/amanderson/Library/TinyTeX/texmf-dist/tex/generic/pgf/pgf.revi
sion.tex)
Package: pgfrcs 2020/10/01 v3.1.6a (3.1.6a)
))
Package: pgf 2020/10/01 v3.1.6a (3.1.6a)

(/Users/amanderson/Library/TinyTeX/texmf-dist/tex/latex/pgf/basiclayer/pgfcore.
sty
(/Users/amanderson/Library/TinyTeX/texmf-dist/tex/latex/pgf/systemlayer/pgfsys.
sty
(/Users/amanderson/Library/TinyTeX/texmf-dist/tex/generic/pgf/systemlayer/pgfsy
s.code.tex
Package: pgfsys 2020/10/01 v3.1.6a (3.1.6a)

(/Users/amanderson/Library/TinyTeX/texmf-dist/tex/generic/pgf/utilities/pgfkeys
.code.tex
\pgfkeys@pathtoks=\toks28
\pgfkeys@temptoks=\toks29

(/Users/amanderson/Library/TinyTeX/texmf-dist/tex/generic/pgf/utilities/pgfkeys
filtered.code.tex
\pgfkeys@tmptoks=\toks30
))
\pgf@x=\dimen168
\pgf@y=\dimen169
\pgf@xa=\dimen170
\pgf@ya=\dimen171
\pgf@xb=\dimen172
\pgf@yb=\dimen173
\pgf@xc=\dimen174
\pgf@yc=\dimen175
\pgf@xd=\dimen176
\pgf@yd=\dimen177
\w@pgf@writea=\write3
\r@pgf@reada=\read2
\c@pgf@counta=\count278
\c@pgf@countb=\count279
\c@pgf@countc=\count280
\c@pgf@countd=\count281
\t@pgf@toka=\toks31
\t@pgf@tokb=\toks32
\t@pgf@tokc=\toks33
\pgf@sys@id@count=\count282

(/Users/amanderson/Library/TinyTeX/texmf-dist/tex/generic/pgf/systemlayer/pgf.c
fg
File: pgf.cfg 2020/10/01 v3.1.6a (3.1.6a)
)
Driver file for pgf: pgfsys-pdftex.def

(/Users/amanderson/Library/TinyTeX/texmf-dist/tex/generic/pgf/systemlayer/pgfsy
s-pdftex.def
File: pgfsys-pdftex.def 2020/10/01 v3.1.6a (3.1.6a)

(/Users/amanderson/Library/TinyTeX/texmf-dist/tex/generic/pgf/systemlayer/pgfsy
s-common-pdf.def
File: pgfsys-common-pdf.def 2020/10/01 v3.1.6a (3.1.6a)
)))
(/Users/amanderson/Library/TinyTeX/texmf-dist/tex/generic/pgf/systemlayer/pgfsy
ssoftpath.code.tex
File: pgfsyssoftpath.code.tex 2020/10/01 v3.1.6a (3.1.6a)
\pgfsyssoftpath@smallbuffer@items=\count283
\pgfsyssoftpath@bigbuffer@items=\count284
)
(/Users/amanderson/Library/TinyTeX/texmf-dist/tex/generic/pgf/systemlayer/pgfsy
sprotocol.code.tex
File: pgfsysprotocol.code.tex 2020/10/01 v3.1.6a (3.1.6a)
))
(/Users/amanderson/Library/TinyTeX/texmf-dist/tex/generic/pgf/basiclayer/pgfcor
e.code.tex
Package: pgfcore 2020/10/01 v3.1.6a (3.1.6a)

(/Users/amanderson/Library/TinyTeX/texmf-dist/tex/generic/pgf/math/pgfmath.code
.tex
(/Users/amanderson/Library/TinyTeX/texmf-dist/tex/generic/pgf/math/pgfmathcalc.
code.tex
(/Users/amanderson/Library/TinyTeX/texmf-dist/tex/generic/pgf/math/pgfmathutil.
code.tex)
(/Users/amanderson/Library/TinyTeX/texmf-dist/tex/generic/pgf/math/pgfmathparse
r.code.tex
\pgfmath@dimen=\dimen178
\pgfmath@count=\count285
\pgfmath@box=\box53
\pgfmath@toks=\toks34
\pgfmath@stack@operand=\toks35
\pgfmath@stack@operation=\toks36
)
(/Users/amanderson/Library/TinyTeX/texmf-dist/tex/generic/pgf/math/pgfmathfunct
ions.code.tex
(/Users/amanderson/Library/TinyTeX/texmf-dist/tex/generic/pgf/math/pgfmathfunct
ions.basic.code.tex)
(/Users/amanderson/Library/TinyTeX/texmf-dist/tex/generic/pgf/math/pgfmathfunct
ions.trigonometric.code.tex)
(/Users/amanderson/Library/TinyTeX/texmf-dist/tex/generic/pgf/math/pgfmathfunct
ions.random.code.tex)
(/Users/amanderson/Library/TinyTeX/texmf-dist/tex/generic/pgf/math/pgfmathfunct
ions.comparison.code.tex)
(/Users/amanderson/Library/TinyTeX/texmf-dist/tex/generic/pgf/math/pgfmathfunct
ions.base.code.tex)
(/Users/amanderson/Library/TinyTeX/texmf-dist/tex/generic/pgf/math/pgfmathfunct
ions.round.code.tex)
(/Users/amanderson/Library/TinyTeX/texmf-dist/tex/generic/pgf/math/pgfmathfunct
ions.misc.code.tex)
(/Users/amanderson/Library/TinyTeX/texmf-dist/tex/generic/pgf/math/pgfmathfunct
ions.integerarithmetics.code.tex)))
(/Users/amanderson/Library/TinyTeX/texmf-dist/tex/generic/pgf/math/pgfmathfloat
.code.tex
\c@pgfmathroundto@lastzeros=\count286
))
(/Users/amanderson/Library/TinyTeX/texmf-dist/tex/generic/pgf/math/pgfint.code.
tex)
(/Users/amanderson/Library/TinyTeX/texmf-dist/tex/generic/pgf/basiclayer/pgfcor
epoints.code.tex
File: pgfcorepoints.code.tex 2020/10/01 v3.1.6a (3.1.6a)
\pgf@picminx=\dimen179
\pgf@picmaxx=\dimen180
\pgf@picminy=\dimen181
\pgf@picmaxy=\dimen182
\pgf@pathminx=\dimen183
\pgf@pathmaxx=\dimen184
\pgf@pathminy=\dimen185
\pgf@pathmaxy=\dimen186
\pgf@xx=\dimen187
\pgf@xy=\dimen188
\pgf@yx=\dimen189
\pgf@yy=\dimen190
\pgf@zx=\dimen191
\pgf@zy=\dimen192
)
(/Users/amanderson/Library/TinyTeX/texmf-dist/tex/generic/pgf/basiclayer/pgfcor
epathconstruct.code.tex
File: pgfcorepathconstruct.code.tex 2020/10/01 v3.1.6a (3.1.6a)
\pgf@path@lastx=\dimen193
\pgf@path@lasty=\dimen194
)
(/Users/amanderson/Library/TinyTeX/texmf-dist/tex/generic/pgf/basiclayer/pgfcor
epathusage.code.tex
File: pgfcorepathusage.code.tex 2020/10/01 v3.1.6a (3.1.6a)
\pgf@shorten@end@additional=\dimen195
\pgf@shorten@start@additional=\dimen196
)
(/Users/amanderson/Library/TinyTeX/texmf-dist/tex/generic/pgf/basiclayer/pgfcor
escopes.code.tex
File: pgfcorescopes.code.tex 2020/10/01 v3.1.6a (3.1.6a)
\pgfpic=\box54
\pgf@hbox=\box55
\pgf@layerbox@main=\box56
\pgf@picture@serial@count=\count287
)
(/Users/amanderson/Library/TinyTeX/texmf-dist/tex/generic/pgf/basiclayer/pgfcor
egraphicstate.code.tex
File: pgfcoregraphicstate.code.tex 2020/10/01 v3.1.6a (3.1.6a)
\pgflinewidth=\dimen197
)
(/Users/amanderson/Library/TinyTeX/texmf-dist/tex/generic/pgf/basiclayer/pgfcor
etransformations.code.tex
File: pgfcoretransformations.code.tex 2020/10/01 v3.1.6a (3.1.6a)
\pgf@pt@x=\dimen198
\pgf@pt@y=\dimen199
\pgf@pt@temp=\dimen256
)
(/Users/amanderson/Library/TinyTeX/texmf-dist/tex/generic/pgf/basiclayer/pgfcor
equick.code.tex
File: pgfcorequick.code.tex 2020/10/01 v3.1.6a (3.1.6a)
)
(/Users/amanderson/Library/TinyTeX/texmf-dist/tex/generic/pgf/basiclayer/pgfcor
eobjects.code.tex
File: pgfcoreobjects.code.tex 2020/10/01 v3.1.6a (3.1.6a)
)
(/Users/amanderson/Library/TinyTeX/texmf-dist/tex/generic/pgf/basiclayer/pgfcor
epathprocessing.code.tex
File: pgfcorepathprocessing.code.tex 2020/10/01 v3.1.6a (3.1.6a)
)
(/Users/amanderson/Library/TinyTeX/texmf-dist/tex/generic/pgf/basiclayer/pgfcor
earrows.code.tex
File: pgfcorearrows.code.tex 2020/10/01 v3.1.6a (3.1.6a)
\pgfarrowsep=\dimen257
)
(/Users/amanderson/Library/TinyTeX/texmf-dist/tex/generic/pgf/basiclayer/pgfcor
eshade.code.tex
File: pgfcoreshade.code.tex 2020/10/01 v3.1.6a (3.1.6a)
\pgf@max=\dimen258
\pgf@sys@shading@range@num=\count288
\pgf@shadingcount=\count289
)
(/Users/amanderson/Library/TinyTeX/texmf-dist/tex/generic/pgf/basiclayer/pgfcor
eimage.code.tex
File: pgfcoreimage.code.tex 2020/10/01 v3.1.6a (3.1.6a)

(/Users/amanderson/Library/TinyTeX/texmf-dist/tex/generic/pgf/basiclayer/pgfcor
eexternal.code.tex
File: pgfcoreexternal.code.tex 2020/10/01 v3.1.6a (3.1.6a)
\pgfexternal@startupbox=\box57
))
(/Users/amanderson/Library/TinyTeX/texmf-dist/tex/generic/pgf/basiclayer/pgfcor
elayers.code.tex
File: pgfcorelayers.code.tex 2020/10/01 v3.1.6a (3.1.6a)
)
(/Users/amanderson/Library/TinyTeX/texmf-dist/tex/generic/pgf/basiclayer/pgfcor
etransparency.code.tex
File: pgfcoretransparency.code.tex 2020/10/01 v3.1.6a (3.1.6a)
)
(/Users/amanderson/Library/TinyTeX/texmf-dist/tex/generic/pgf/basiclayer/pgfcor
epatterns.code.tex
File: pgfcorepatterns.code.tex 2020/10/01 v3.1.6a (3.1.6a)
)
(/Users/amanderson/Library/TinyTeX/texmf-dist/tex/generic/pgf/basiclayer/pgfcor
erdf.code.tex
File: pgfcorerdf.code.tex 2020/10/01 v3.1.6a (3.1.6a)
)))
(/Users/amanderson/Library/TinyTeX/texmf-dist/tex/generic/pgf/modules/pgfmodule
shapes.code.tex
File: pgfmoduleshapes.code.tex 2020/10/01 v3.1.6a (3.1.6a)
\pgfnodeparttextbox=\box58
)
(/Users/amanderson/Library/TinyTeX/texmf-dist/tex/generic/pgf/modules/pgfmodule
plot.code.tex
File: pgfmoduleplot.code.tex 2020/10/01 v3.1.6a (3.1.6a)
)
(/Users/amanderson/Library/TinyTeX/texmf-dist/tex/latex/pgf/compatibility/pgfco
mp-version-0-65.sty
Package: pgfcomp-version-0-65 2020/10/01 v3.1.6a (3.1.6a)
\pgf@nodesepstart=\dimen259
\pgf@nodesepend=\dimen260
)
(/Users/amanderson/Library/TinyTeX/texmf-dist/tex/latex/pgf/compatibility/pgfco
mp-version-1-18.sty
Package: pgfcomp-version-1-18 2020/10/01 v3.1.6a (3.1.6a)
))
(/Users/amanderson/Library/TinyTeX/texmf-dist/tex/latex/pgf/utilities/pgffor.st
y
(/Users/amanderson/Library/TinyTeX/texmf-dist/tex/latex/pgf/utilities/pgfkeys.s
ty
(/Users/amanderson/Library/TinyTeX/texmf-dist/tex/generic/pgf/utilities/pgfkeys
.code.tex)) (/Users/amanderson/Library/TinyTeX/texmf-dist/tex/latex/pgf/math/pg
fmath.sty
(/Users/amanderson/Library/TinyTeX/texmf-dist/tex/generic/pgf/math/pgfmath.code
.tex))
(/Users/amanderson/Library/TinyTeX/texmf-dist/tex/generic/pgf/utilities/pgffor.
code.tex
Package: pgffor 2020/10/01 v3.1.6a (3.1.6a)

(/Users/amanderson/Library/TinyTeX/texmf-dist/tex/generic/pgf/math/pgfmath.code
.tex)
\pgffor@iter=\dimen261
\pgffor@skip=\dimen262
\pgffor@stack=\toks37
\pgffor@toks=\toks38
))
(/Users/amanderson/Library/TinyTeX/texmf-dist/tex/generic/pgf/frontendlayer/tik
z/tikz.code.tex
Package: tikz 2020/10/01 v3.1.6a (3.1.6a)

(/Users/amanderson/Library/TinyTeX/texmf-dist/tex/generic/pgf/libraries/pgflibr
aryplothandlers.code.tex
File: pgflibraryplothandlers.code.tex 2020/10/01 v3.1.6a (3.1.6a)
\pgf@plot@mark@count=\count290
\pgfplotmarksize=\dimen263
)
\tikz@lastx=\dimen264
\tikz@lasty=\dimen265
\tikz@lastxsaved=\dimen266
\tikz@lastysaved=\dimen267
\tikz@lastmovetox=\dimen268
\tikz@lastmovetoy=\dimen269
\tikzleveldistance=\dimen270
\tikzsiblingdistance=\dimen271
\tikz@figbox=\box59
\tikz@figbox@bg=\box60
\tikz@tempbox=\box61
\tikz@tempbox@bg=\box62
\tikztreelevel=\count291
\tikznumberofchildren=\count292
\tikznumberofcurrentchild=\count293
\tikz@fig@count=\count294

(/Users/amanderson/Library/TinyTeX/texmf-dist/tex/generic/pgf/modules/pgfmodule
matrix.code.tex
File: pgfmodulematrix.code.tex 2020/10/01 v3.1.6a (3.1.6a)
\pgfmatrixcurrentrow=\count295
\pgfmatrixcurrentcolumn=\count296
\pgf@matrix@numberofcolumns=\count297
)
\tikz@expandcount=\count298

(/Users/amanderson/Library/TinyTeX/texmf-dist/tex/generic/pgf/frontendlayer/tik
z/libraries/tikzlibrarytopaths.code.tex
File: tikzlibrarytopaths.code.tex 2020/10/01 v3.1.6a (3.1.6a)
)))
(/Users/amanderson/Library/TinyTeX/texmf-dist/tex/generic/pgf/frontendlayer/tik
z/libraries/tikzlibrarypositioning.code.tex
File: tikzlibrarypositioning.code.tex 2020/10/01 v3.1.6a (3.1.6a)
)
(/Users/amanderson/Library/TinyTeX/texmf-dist/tex/generic/pgf/frontendlayer/tik
z/libraries/tikzlibraryshapes.code.tex
File: tikzlibraryshapes.code.tex 2020/10/01 v3.1.6a (3.1.6a)

(/Users/amanderson/Library/TinyTeX/texmf-dist/tex/generic/pgf/frontendlayer/tik
z/libraries/tikzlibraryshapes.geometric.code.tex
File: tikzlibraryshapes.geometric.code.tex 2020/10/01 v3.1.6a (3.1.6a)

(/Users/amanderson/Library/TinyTeX/texmf-dist/tex/generic/pgf/libraries/shapes/
pgflibraryshapes.geometric.code.tex
File: pgflibraryshapes.geometric.code.tex 2020/10/01 v3.1.6a (3.1.6a)
))
(/Users/amanderson/Library/TinyTeX/texmf-dist/tex/generic/pgf/frontendlayer/tik
z/libraries/tikzlibraryshapes.misc.code.tex
File: tikzlibraryshapes.misc.code.tex 2020/10/01 v3.1.6a (3.1.6a)

(/Users/amanderson/Library/TinyTeX/texmf-dist/tex/generic/pgf/libraries/shapes/
pgflibraryshapes.misc.code.tex
File: pgflibraryshapes.misc.code.tex 2020/10/01 v3.1.6a (3.1.6a)
))
(/Users/amanderson/Library/TinyTeX/texmf-dist/tex/generic/pgf/frontendlayer/tik
z/libraries/tikzlibraryshapes.symbols.code.tex
File: tikzlibraryshapes.symbols.code.tex 2020/10/01 v3.1.6a (3.1.6a)

(/Users/amanderson/Library/TinyTeX/texmf-dist/tex/generic/pgf/libraries/shapes/
pgflibraryshapes.symbols.code.tex
File: pgflibraryshapes.symbols.code.tex 2020/10/01 v3.1.6a (3.1.6a)
))
(/Users/amanderson/Library/TinyTeX/texmf-dist/tex/generic/pgf/frontendlayer/tik
z/libraries/tikzlibraryshapes.arrows.code.tex
File: tikzlibraryshapes.arrows.code.tex 2020/10/01 v3.1.6a (3.1.6a)

(/Users/amanderson/Library/TinyTeX/texmf-dist/tex/generic/pgf/libraries/shapes/
pgflibraryshapes.arrows.code.tex
File: pgflibraryshapes.arrows.code.tex 2020/10/01 v3.1.6a (3.1.6a)
))
(/Users/amanderson/Library/TinyTeX/texmf-dist/tex/generic/pgf/frontendlayer/tik
z/libraries/tikzlibraryshapes.callouts.code.tex
(/Users/amanderson/Library/TinyTeX/texmf-dist/tex/generic/pgf/libraries/shapes/
pgflibraryshapes.callouts.code.tex))
(/Users/amanderson/Library/TinyTeX/texmf-dist/tex/generic/pgf/frontendlayer/tik
z/libraries/tikzlibraryshapes.multipart.code.tex
File: tikzlibraryshapes.multipart.code.tex 2020/10/01 v3.1.6a (3.1.6a)

(/Users/amanderson/Library/TinyTeX/texmf-dist/tex/generic/pgf/libraries/shapes/
pgflibraryshapes.multipart.code.tex
File: pgflibraryshapes.multipart.code.tex 2020/10/01 v3.1.6a (3.1.6a)
\pgfnodepartlowerbox=\box63
\pgfnodeparttwobox=\box64
\pgfnodepartthreebox=\box65
\pgfnodepartfourbox=\box66
\pgfnodeparttwentybox=\box67
\pgfnodepartnineteenbox=\box68
\pgfnodeparteighteenbox=\box69
\pgfnodepartseventeenbox=\box70
\pgfnodepartsixteenbox=\box71
\pgfnodepartfifteenbox=\box72
\pgfnodepartfourteenbox=\box73
\pgfnodepartthirteenbox=\box74
\pgfnodeparttwelvebox=\box75
\pgfnodepartelevenbox=\box76
\pgfnodeparttenbox=\box77
\pgfnodepartninebox=\box78
\pgfnodeparteightbox=\box79
\pgfnodepartsevenbox=\box80
\pgfnodepartsixbox=\box81
\pgfnodepartfivebox=\box82
)))
(/Users/amanderson/Library/TinyTeX/texmf-dist/tex/generic/pgf/frontendlayer/tik
z/libraries/tikzlibraryintersections.code.tex
(/Users/amanderson/Library/TinyTeX/texmf-dist/tex/generic/pgf/libraries/pgflibr
aryintersections.code.tex
(/Users/amanderson/Library/TinyTeX/texmf-dist/tex/generic/pgf/libraries/pgflibr
aryfpu.code.tex)
\pgf@intersect@solutions=\count299
))
(/Users/amanderson/Library/TinyTeX/texmf-dist/tex/generic/pgf/frontendlayer/tik
z/libraries/tikzlibrarythrough.code.tex
File: tikzlibrarythrough.code.tex 2020/10/01 v3.1.6a (3.1.6a)
)
(/Users/amanderson/Library/TinyTeX/texmf-dist/tex/generic/pgf/frontendlayer/tik
z/libraries/tikzlibrarybackgrounds.code.tex
File: tikzlibrarybackgrounds.code.tex 2020/10/01 v3.1.6a (3.1.6a)
\pgf@layerbox@background=\box83
\pgf@layerboxsaved@background=\box84
)
(/Users/amanderson/Library/TinyTeX/texmf-dist/tex/generic/pgf/frontendlayer/tik
z/libraries/tikzlibraryfit.code.tex
File: tikzlibraryfit.code.tex 2020/10/01 v3.1.6a (3.1.6a)
)
(/Users/amanderson/Library/TinyTeX/texmf-dist/tex/generic/pgf/frontendlayer/tik
z/libraries/tikzlibrarydecorations.pathmorphing.code.tex
(/Users/amanderson/Library/TinyTeX/texmf-dist/tex/generic/pgf/frontendlayer/tik
z/libraries/tikzlibrarydecorations.code.tex
(/Users/amanderson/Library/TinyTeX/texmf-dist/tex/generic/pgf/modules/pgfmodule
decorations.code.tex
\pgfdecoratedcompleteddistance=\dimen272
\pgfdecoratedremainingdistance=\dimen273
\pgfdecoratedinputsegmentcompleteddistance=\dimen274
\pgfdecoratedinputsegmentremainingdistance=\dimen275
\pgf@decorate@distancetomove=\dimen276
\pgf@decorate@repeatstate=\count300
\pgfdecorationsegmentamplitude=\dimen277
\pgfdecorationsegmentlength=\dimen278
)
\tikz@lib@dec@box=\box85
)
(/Users/amanderson/Library/TinyTeX/texmf-dist/tex/generic/pgf/libraries/decorat
ions/pgflibrarydecorations.pathmorphing.code.tex)) (/Users/amanderson/Library/T
inyTeX/texmf-dist/tex/latex/setspace/setspace.sty
Package: setspace 2011/12/19 v6.7a set line spacing
) (/Users/amanderson/Library/TinyTeX/texmf-dist/tex/latex/lineno/lineno.sty
Package: lineno 2005/11/02 line numbers on paragraphs v4.41
\linenopenalty=\count301
\output=\toks39
\linenoprevgraf=\count302
\linenumbersep=\dimen279
\linenumberwidth=\dimen280
\c@linenumber=\count303
\c@pagewiselinenumber=\count304
\c@LN@truepage=\count305
\c@internallinenumber=\count306
\c@internallinenumbers=\count307
\quotelinenumbersep=\dimen281
\bframerule=\dimen282
\bframesep=\dimen283
\bframebox=\box86
LaTeX Info: Redefining \\ on input line 3056.
)
(/Users/amanderson/Library/TinyTeX/texmf-dist/tex/latex/pdflscape/pdflscape.sty
Package: pdflscape 2019/12/05 v0.12 Display of landscape pages in PDF (HO)
(/Users/amanderson/Library/TinyTeX/texmf-dist/tex/latex/graphics/lscape.sty
Package: lscape 2020/05/28 v3.02 Landscape Pages (DPC)
)
Package pdflscape Info: Auto-detected driver: pdftex on input line 81.
) (/Users/amanderson/Library/TinyTeX/texmf-dist/tex/latex/tools/longtable.sty
Package: longtable 2020/01/07 v4.13 Multi-page Table package (DPC)
\LTleft=\skip55
\LTright=\skip56
\LTpre=\skip57
\LTpost=\skip58
\LTchunksize=\count308
\LTcapwidth=\dimen284
\LT@head=\box87
\LT@firsthead=\box88
\LT@foot=\box89
\LT@lastfoot=\box90
\LT@cols=\count309
\LT@rows=\count310
\c@LT@tables=\count311
\c@LT@chunks=\count312
\LT@p@ftn=\toks40
) (/Users/amanderson/Library/TinyTeX/texmf-dist/tex/latex/booktabs/booktabs.sty
Package: booktabs 2020/01/12 v1.61803398 Publication quality tables
\heavyrulewidth=\dimen285
\lightrulewidth=\dimen286
\cmidrulewidth=\dimen287
\belowrulesep=\dimen288
\belowbottomsep=\dimen289
\aboverulesep=\dimen290
\abovetopsep=\dimen291
\cmidrulesep=\dimen292
\cmidrulekern=\dimen293
\defaultaddspace=\dimen294
\@cmidla=\count313
\@cmidlb=\count314
\@aboverulesep=\dimen295
\@belowrulesep=\dimen296
\@thisruleclass=\count315
\@lastruleclass=\count316
\@thisrulewidth=\dimen297
) (/Users/amanderson/Library/TinyTeX/texmf-dist/tex/latex/caption/caption.sty
Package: caption 2020/10/26 v3.5g Customizing captions (AR)
(/Users/amanderson/Library/TinyTeX/texmf-dist/tex/latex/caption/caption3.sty
Package: caption3 2020/10/21 v2.2e caption3 kernel (AR)
\captionmargin=\dimen298
\captionmargin@=\dimen299
\captionwidth=\dimen300
\caption@tempdima=\dimen301
\caption@indent=\dimen302
\caption@parindent=\dimen303
\caption@hangindent=\dimen304
Package caption Info: Standard document class detected.
)
\c@caption@flags=\count317
\c@continuedfloat=\count318
Package caption Info: hyperref package is loaded.
Package caption Info: longtable package is loaded.
(/Users/amanderson/Library/TinyTeX/texmf-dist/tex/latex/caption/ltcaption.sty
Package: ltcaption 2020/05/30 v1.4b longtable captions (AR)
)) (/Users/amanderson/Library/TinyTeX/texmf-dist/tex/latex/accents/accents.sty
Package: accents 2006/05/12 v1.4 Math Accent Tools
\cc@skew=\dimen305
\cc@wd=\dimen306
\cc@code=\count319
\cc@group=\count320
\cc@skewchar=\count321
)
\dhatheight=\skip59

(/Users/amanderson/Library/TinyTeX/texmf-dist/tex/latex/l3backend/l3backend-pdf
tex.def
File: l3backend-pdftex.def 2020-09-24 L3 backend support: PDF output (pdfTeX)
\l__kernel_color_stack_int=\count322
\l__pdf_internal_box=\box91
) (./presanis-conflict.aux)
\openout1 = `presanis-conflict.aux'.

LaTeX Font Info:    Checking defaults for OML/cmm/m/it on input line 145.
LaTeX Font Info:    ... okay on input line 145.
LaTeX Font Info:    Checking defaults for OMS/cmsy/m/n on input line 145.
LaTeX Font Info:    ... okay on input line 145.
LaTeX Font Info:    Checking defaults for OT1/cmr/m/n on input line 145.
LaTeX Font Info:    ... okay on input line 145.
LaTeX Font Info:    Checking defaults for T1/cmr/m/n on input line 145.
LaTeX Font Info:    ... okay on input line 145.
LaTeX Font Info:    Checking defaults for TS1/cmr/m/n on input line 145.
LaTeX Font Info:    ... okay on input line 145.
LaTeX Font Info:    Checking defaults for OMX/cmex/m/n on input line 145.
LaTeX Font Info:    ... okay on input line 145.
LaTeX Font Info:    Checking defaults for U/cmr/m/n on input line 145.
LaTeX Font Info:    ... okay on input line 145.
LaTeX Font Info:    Checking defaults for PD1/pdf/m/n on input line 145.
LaTeX Font Info:    ... okay on input line 145.
LaTeX Font Info:    Checking defaults for PU/pdf/m/n on input line 145.
LaTeX Font Info:    ... okay on input line 145.
LaTeX Info: Redefining \microtypecontext on input line 145.
Package microtype Info: Generating PDF output.
Package microtype Info: Character protrusion enabled (level 2).
Package microtype Info: Using protrusion set `basicmath'.
Package microtype Info: Automatic font expansion enabled (level 2),
(microtype)             stretch: 20, shrink: 20, step: 1, non-selected.
Package microtype Info: Using default expansion set `basictext'.
LaTeX Info: Redefining \showhyphens on input line 145.
Package microtype Info: No adjustment of tracking.
Package microtype Info: No adjustment of interword spacing.
Package microtype Info: No adjustment of character kerning.
(/Users/amanderson/Library/TinyTeX/texmf-dist/tex/latex/microtype/mt-ppl.cfg
File: mt-ppl.cfg 2005/11/16 v1.6 microtype config. file: Palatino (RS)
)
(/Users/amanderson/Library/TinyTeX/texmf-dist/tex/latex/epstopdf-pkg/epstopdf-b
ase.sty
Package: epstopdf-base 2020-01-24 v2.11 Base part for package epstopdf
Package epstopdf-base Info: Redefining graphics rule for `.eps' on input line 4
85.

(/Users/amanderson/Library/TinyTeX/texmf-dist/tex/latex/latexconfig/epstopdf-sy
s.cfg
File: epstopdf-sys.cfg 2010/07/13 v1.3 Configuration of (r)epstopdf for TeX Liv
e
))
Package hyperref Info: Link coloring OFF on input line 145.
(/Users/amanderson/Library/TinyTeX/texmf-dist/tex/latex/hyperref/nameref.sty
Package: nameref 2019/09/16 v2.46 Cross-referencing by name of section
(/Users/amanderson/Library/TinyTeX/texmf-dist/tex/latex/refcount/refcount.sty
Package: refcount 2019/12/15 v3.6 Data extraction from label references (HO)
)
(/Users/amanderson/Library/TinyTeX/texmf-dist/tex/generic/gettitlestring/gettit
lestring.sty
Package: gettitlestring 2019/12/15 v1.6 Cleanup title references (HO)
)
\c@section@level=\count323
)
LaTeX Info: Redefining \ref on input line 145.
LaTeX Info: Redefining \pageref on input line 145.
LaTeX Info: Redefining \nameref on input line 145.
*geometry* driver: auto-detecting
*geometry* detected driver: pdftex
*geometry* verbose mode - [ preamble ] result:
* driver: pdftex
* paper: a4paper
* layout: <same size as paper>
* layoutoffset:(h,v)=(0.0pt,0.0pt)
* modes: 
* h-part:(L,W,R)=(64.01869pt, 469.47049pt, 64.01869pt)
* v-part:(T,H,B)=(64.01869pt, 717.00946pt, 64.01869pt)
* \paperwidth=597.50787pt
* \paperheight=845.04684pt
* \textwidth=469.47049pt
* \textheight=717.00946pt
* \oddsidemargin=-8.2513pt
* \evensidemargin=-8.2513pt
* \topmargin=-45.2513pt
* \headheight=12.0pt
* \headsep=25.0pt
* \topskip=10.0pt
* \footskip=30.0pt
* \marginparwidth=57.0pt
* \marginparsep=11.0pt
* \columnsep=10.0pt
* \skip\footins=9.0pt plus 4.0pt minus 2.0pt
* \hoffset=0.0pt
* \voffset=0.0pt
* \mag=1000
* \@twocolumnfalse
* \@twosidefalse
* \@mparswitchfalse
* \@reversemarginfalse
* (1in=72.27pt=25.4mm, 1cm=28.453pt)

Package caption Info: Begin \AtBeginDocument code.
Package caption Info: End \AtBeginDocument code.
(/Users/amanderson/Library/TinyTeX/texmf-dist/tex/latex/microtype/mt-cmr.cfg
File: mt-cmr.cfg 2013/05/19 v2.2 microtype config. file: Computer Modern Roman 
(RS)
)
LaTeX Font Info:    Trying to load font information for U+msa on input line 147
.
(/Users/amanderson/Library/TinyTeX/texmf-dist/tex/latex/amsfonts/umsa.fd
File: umsa.fd 2013/01/14 v3.01 AMS symbols A
) (/Users/amanderson/Library/TinyTeX/texmf-dist/tex/latex/microtype/mt-msa.cfg
File: mt-msa.cfg 2006/02/04 v1.1 microtype config. file: AMS symbols (a) (RS)
)
LaTeX Font Info:    Trying to load font information for U+msb on input line 147
.
(/Users/amanderson/Library/TinyTeX/texmf-dist/tex/latex/amsfonts/umsb.fd
File: umsb.fd 2013/01/14 v3.01 AMS symbols B
) (/Users/amanderson/Library/TinyTeX/texmf-dist/tex/latex/microtype/mt-msb.cfg
File: mt-msb.cfg 2005/06/01 v1.0 microtype config. file: AMS symbols (b) (RS)
) (./tex-input/hiv-intro/0020-link-function-table.tex) (./tex-input/hiv-intro/0
010-study-link-function.tex) (./tex-input/hiv-submodels/0010-study-12-submodel.
tex) (./tex-input/hiv-submodels/0020-big-submodel.tex) [1

{/Users/amanderson/Library/TinyTeX/texmf-var/fonts/map/pdftex/updmap/pdftex.map
}] (./tex-input/hiv-submodels/0040-model-dag.tex) [2] (./tex-input/hiv-submodel
s/0050-self-ratio-estimate.tex) (./tex-input/hiv-submodels/0030-stage-one-targe
t.tex) [3]
<plots/hiv-example/p12-only-melding-dists.pdf, id=62, 460.72125pt x 284.06125pt
>
File: plots/hiv-example/p12-only-melding-dists.pdf Graphic file (type pdf)
<use plots/hiv-example/p12-only-melding-dists.pdf>
Package pdftex.def Info: plots/hiv-example/p12-only-melding-dists.pdf  used on 
input line 303.
(pdftex.def)             Requested size: 399.05269pt x 246.039pt.
<plots/hiv-example/posterior-qq-plot.pdf, id=63, 355.3275pt x 298.11375pt>
File: plots/hiv-example/posterior-qq-plot.pdf Graphic file (type pdf)
<use plots/hiv-example/posterior-qq-plot.pdf>
Package pdftex.def Info: plots/hiv-example/posterior-qq-plot.pdf  used on input
 line 312.
(pdftex.def)             Requested size: 355.3483pt x 298.13121pt.
LaTeX Font Info:    Trying to load font information for TS1+qpl on input line 3
22.
(/Users/amanderson/Library/TinyTeX/texmf-dist/tex/latex/tex-gyre/ts1qpl.fd
File: ts1qpl.fd 2009/09/25 v1.2 font definition file for TS1/qpl
) [4 <./plots/hiv-example/p12-only-melding-dists.pdf>] [5 <./plots/hiv-example/
posterior-qq-plot.pdf>]
<plots/hiv-example/ratio-estimates-full.pdf, id=95, 597.23125pt x 426.59375pt>
File: plots/hiv-example/ratio-estimates-full.pdf Graphic file (type pdf)
<use plots/hiv-example/ratio-estimates-full.pdf>
Package pdftex.def Info: plots/hiv-example/ratio-estimates-full.pdf  used on in
put line 387.
(pdftex.def)             Requested size: 597.26622pt x 426.61873pt.
[6 <./plots/hiv-example/ratio-estimates-full.pdf>]
<plots/hiv-example/ratio-estimates-full-inverse.pdf, id=109, 597.23125pt x 426.
59375pt>
File: plots/hiv-example/ratio-estimates-full-inverse.pdf Graphic file (type pdf
)
<use plots/hiv-example/ratio-estimates-full-inverse.pdf>
Package pdftex.def Info: plots/hiv-example/ratio-estimates-full-inverse.pdf  us
ed on input line 398.
(pdftex.def)             Requested size: 597.26622pt x 426.61873pt.
[7 <./plots/hiv-example/ratio-estimates-full-inverse.pdf>]
<plots/hiv-example/contributing-wf.pdf, id=125, 597.23125pt x 426.59375pt>
File: plots/hiv-example/contributing-wf.pdf Graphic file (type pdf)
<use plots/hiv-example/contributing-wf.pdf>
Package pdftex.def Info: plots/hiv-example/contributing-wf.pdf  used on input l
ine 411.
(pdftex.def)             Requested size: 597.26622pt x 426.61873pt.
[8 <./plots/hiv-example/contributing-wf.pdf>] (./tex-input/wsre-telescoping-mat
hs/0010-telescoping-quantiles.tex) (./tex-input/wsre-telescoping-maths/0020-tel
escoping-definition.tex) [9






] (./tex-input/wsre-telescoping-maths/0030-tele-weighted-avg-def.tex)
<plots/hiv-example/tele-vs-avg.pdf, id=156, 426.59375pt x 284.06125pt>
File: plots/hiv-example/tele-vs-avg.pdf Graphic file (type pdf)
<use plots/hiv-example/tele-vs-avg.pdf>
Package pdftex.def Info: plots/hiv-example/tele-vs-avg.pdf  used on input line 
564.
(pdftex.def)             Requested size: 399.07793pt x 265.73894pt.
LaTeX Font Info:    Trying to load font information for T1+cmtt on input line 5
68.
(/Users/amanderson/Library/TinyTeX/texmf-dist/tex/latex/base/t1cmtt.fd
File: t1cmtt.fd 2019/12/16 v2.5j Standard LaTeX font definitions
)
<plots/hiv-example/n_tele_terms_stage_one.pdf, id=159, 426.59375pt x 284.06125p
t>
File: plots/hiv-example/n_tele_terms_stage_one.pdf Graphic file (type pdf)
<use plots/hiv-example/n_tele_terms_stage_one.pdf>
Package pdftex.def Info: plots/hiv-example/n_tele_terms_stage_one.pdf  used on 
input line 582.
(pdftex.def)             Requested size: 399.07793pt x 265.73894pt.
<plots/hiv-example/n-tele-terms-stage-two.pdf, id=160, 426.59375pt x 284.06125p
t>
File: plots/hiv-example/n-tele-terms-stage-two.pdf Graphic file (type pdf)
<use plots/hiv-example/n-tele-terms-stage-two.pdf>
Package pdftex.def Info: plots/hiv-example/n-tele-terms-stage-two.pdf  used on 
input line 591.
(pdftex.def)             Requested size: 399.07793pt x 265.73894pt.

LaTeX Warning: Reference `fig:sq_error_all' on page 10 undefined on input line 
624.

[10 <./plots/hiv-example/tele-vs-avg.pdf>] [11 <./plots/hiv-example/n_tele_term
s_stage_one.pdf> <./plots/hiv-example/n-tele-terms-stage-two.pdf>]

LaTeX Warning: Reference `fig:sq_error_wsre_stage_two' on page 12 undefined on 
input line 659.

<plots/hiv-example/sdens-kde-analytic-compare.pdf, id=194, 426.59375pt x 284.06
125pt>
File: plots/hiv-example/sdens-kde-analytic-compare.pdf Graphic file (type pdf)
<use plots/hiv-example/sdens-kde-analytic-compare.pdf>
Package pdftex.def Info: plots/hiv-example/sdens-kde-analytic-compare.pdf  used
 on input line 681.
(pdftex.def)             Requested size: 399.07793pt x 265.73894pt.
[12 <./plots/hiv-example/sdens-kde-analytic-compare.pdf>] [13]pdfTeX warning (e
xt4): destination with the same identifier (name{section.1}) has been already u
sed, duplicate ignored
<to be read again> 
                   \relax 
l.718 \section{Appendix}\label{appendix}}
                                          [14] (./presanis-conflict.aux)

LaTeX Warning: There were undefined references.

 ) 
Here is how much of TeX's memory you used:
 27524 strings out of 481441
 538723 string characters out of 5919469
 850674 words of memory out of 5000000
 43574 multiletter control sequences out of 15000+600000
 590411 words of font info for 116 fonts, out of 8000000 for 9000
 14 hyphenation exceptions out of 8191
 85i,18n,96p,694b,849s stack positions out of 5000i,500n,10000p,200000b,80000s
 </Users/amanderson/Library/TinyTeX/texmf-var/fonts/pk/ljfour/jknappen/ec/ect
t1000.600pk>{/Users/amanderson/Library/TinyTeX/texmf-dist/fonts/enc/dvips/tex-g
yre/q-ts1.enc}{/Users/amanderson/Library/TinyTeX/texmf-dist/fonts/enc/dvips/tex
-gyre/q-ec.enc}</Users/amanderson/Library/TinyTeX/texmf-dist/fonts/type1/public
/amsfonts/cm/cmex10.pfb></Users/amanderson/Library/TinyTeX/texmf-dist/fonts/typ
e1/public/amsfonts/cm/cmmi10.pfb></Users/amanderson/Library/TinyTeX/texmf-dist/
fonts/type1/public/amsfonts/cm/cmmi12.pfb></Users/amanderson/Library/TinyTeX/te
xmf-dist/fonts/type1/public/amsfonts/cm/cmmi5.pfb></Users/amanderson/Library/Ti
nyTeX/texmf-dist/fonts/type1/public/amsfonts/cm/cmmi7.pfb></Users/amanderson/Li
brary/TinyTeX/texmf-dist/fonts/type1/public/amsfonts/cm/cmmib10.pfb></Users/ama
nderson/Library/TinyTeX/texmf-dist/fonts/type1/public/amsfonts/cm/cmr10.pfb></U
sers/amanderson/Library/TinyTeX/texmf-dist/fonts/type1/public/amsfonts/cm/cmr5.
pfb></Users/amanderson/Library/TinyTeX/texmf-dist/fonts/type1/public/amsfonts/c
m/cmr7.pfb></Users/amanderson/Library/TinyTeX/texmf-dist/fonts/type1/public/ams
fonts/cm/cmr8.pfb></Users/amanderson/Library/TinyTeX/texmf-dist/fonts/type1/pub
lic/amsfonts/cm/cmsy10.pfb></Users/amanderson/Library/TinyTeX/texmf-dist/fonts/
type1/public/amsfonts/cm/cmsy5.pfb></Users/amanderson/Library/TinyTeX/texmf-dis
t/fonts/type1/public/amsfonts/cm/cmsy7.pfb></Users/amanderson/Library/TinyTeX/t
exmf-dist/fonts/type1/public/tex-gyre/qplb.pfb></Users/amanderson/Library/TinyT
eX/texmf-dist/fonts/type1/public/tex-gyre/qplr.pfb></Users/amanderson/Library/T
inyTeX/texmf-dist/fonts/type1/public/tex-gyre/qplri.pfb>
Output written on presanis-conflict.pdf (14 pages, 619891 bytes).
PDF statistics:
 344 PDF objects out of 1000 (max. 8388607)
 290 compressed objects within 3 object streams
 65 named destinations out of 1000 (max. 500000)
 6306 words of extra memory for PDF output out of 10000 (max. 10000000)

